c:\users\mrwin\source\repos\pdp11\pdp11\release\vc142.pdb
c:\users\mrwin\source\repos\pdp11\pdp11\release\test4.obj
c:\users\mrwin\source\repos\pdp11\pdp11\release\res.obj
c:\users\mrwin\source\repos\pdp11\pdp11\release\portsolver.obj
c:\users\mrwin\source\repos\pdp11\pdp11\release\pdp11core.obj
c:\users\mrwin\source\repos\pdp11\pdp11\release\pdp11.obj
c:\users\mrwin\source\repos\pdp11\pdp11\release\miniasm.obj
c:\users\mrwin\source\repos\pdp11\pdp11\release\logger.obj
c:\users\mrwin\source\repos\pdp11\pdp11\release\decoder.obj
c:\users\mrwin\source\repos\pdp11\pdp11\release\disasm.obj
c:\users\mrwin\source\repos\pdp11\pdp11\release\cmdparser.obj
c:\users\mrwin\source\repos\pdp11\pdp11\release\win_gui.obj
c:\users\mrwin\source\repos\pdp11\pdp11\release\pdp_display.obj
c:\users\mrwin\source\repos\pdp11\release\pdp11.exe
c:\users\mrwin\source\repos\pdp11\release\pdp11.pdb
c:\users\mrwin\source\repos\pdp11\release\pdp11.ipdb
c:\users\mrwin\source\repos\pdp11\release\pdp11.iobj
c:\users\mrwin\source\repos\pdp11\pdp11\release\pdp11.res
c:\users\mrwin\source\repos\pdp11\pdp11\release\pdp11.tlog\cl.command.1.tlog
c:\users\mrwin\source\repos\pdp11\pdp11\release\pdp11.tlog\cl.read.1.tlog
c:\users\mrwin\source\repos\pdp11\pdp11\release\pdp11.tlog\cl.write.1.tlog
c:\users\mrwin\source\repos\pdp11\pdp11\release\pdp11.tlog\link.command.1.tlog
c:\users\mrwin\source\repos\pdp11\pdp11\release\pdp11.tlog\link.delete.1.tlog
c:\users\mrwin\source\repos\pdp11\pdp11\release\pdp11.tlog\link.read.1.tlog
c:\users\mrwin\source\repos\pdp11\pdp11\release\pdp11.tlog\link.write.1.tlog
c:\users\mrwin\source\repos\pdp11\pdp11\release\pdp11.tlog\pdp11.write.1u.tlog
c:\users\mrwin\source\repos\pdp11\pdp11\release\pdp11.tlog\rc.command.1.tlog
c:\users\mrwin\source\repos\pdp11\pdp11\release\pdp11.tlog\rc.read.1.tlog
c:\users\mrwin\source\repos\pdp11\pdp11\release\pdp11.tlog\rc.write.1.tlog
