c:\users\mrwin\source\repos\pdp11\pdp11\debug\vc142.pdb
c:\users\mrwin\source\repos\pdp11\pdp11\debug\vc142.idb
c:\users\mrwin\source\repos\pdp11\pdp11\debug\win_gui.obj
c:\users\mrwin\source\repos\pdp11\pdp11\debug\test4.obj
c:\users\mrwin\source\repos\pdp11\pdp11\debug\res.obj
c:\users\mrwin\source\repos\pdp11\pdp11\debug\portsolver.obj
c:\users\mrwin\source\repos\pdp11\pdp11\debug\pdp_display.obj
c:\users\mrwin\source\repos\pdp11\pdp11\debug\pdp11core.obj
c:\users\mrwin\source\repos\pdp11\pdp11\debug\pdp11.obj
c:\users\mrwin\source\repos\pdp11\pdp11\debug\miniasm.obj
c:\users\mrwin\source\repos\pdp11\pdp11\debug\logger.obj
c:\users\mrwin\source\repos\pdp11\pdp11\debug\event_controller.obj
c:\users\mrwin\source\repos\pdp11\pdp11\debug\disasm.obj
c:\users\mrwin\source\repos\pdp11\pdp11\debug\decoder.obj
c:\users\mrwin\source\repos\pdp11\pdp11\debug\cmdparser.obj
c:\users\mrwin\source\repos\pdp11\debug\pdp11.exe
c:\users\mrwin\source\repos\pdp11\debug\pdp11.ilk
c:\users\mrwin\source\repos\pdp11\debug\pdp11.pdb
c:\users\mrwin\source\repos\pdp11\pdp11\debug\pdp11.res
c:\users\mrwin\source\repos\pdp11\pdp11\debug\pdp11.tlog\cl.command.1.tlog
c:\users\mrwin\source\repos\pdp11\pdp11\debug\pdp11.tlog\cl.read.1.tlog
c:\users\mrwin\source\repos\pdp11\pdp11\debug\pdp11.tlog\cl.write.1.tlog
c:\users\mrwin\source\repos\pdp11\pdp11\debug\pdp11.tlog\link.command.1.tlog
c:\users\mrwin\source\repos\pdp11\pdp11\debug\pdp11.tlog\link.read.1.tlog
c:\users\mrwin\source\repos\pdp11\pdp11\debug\pdp11.tlog\link.write.1.tlog
c:\users\mrwin\source\repos\pdp11\pdp11\debug\pdp11.tlog\rc.command.1.tlog
c:\users\mrwin\source\repos\pdp11\pdp11\debug\pdp11.tlog\rc.read.1.tlog
c:\users\mrwin\source\repos\pdp11\pdp11\debug\pdp11.tlog\rc.write.1.tlog
